#
# There is insufficient memory for the Java Runtime Environment to continue.
# Native memory allocation (mmap) failed to map 1048576 bytes for G1 virtual space
# Possible reasons:
#   The system is out of physical RAM or swap space
#   The process is running with CompressedOops enabled, and the Java Heap may be blocking the growth of the native heap
# Possible solutions:
#   Reduce memory load on the system
#   Increase physical memory or swap space
#   Check if swap backing store is full
#   Decrease Java heap size (-Xmx/-Xms)
#   Decrease number of Java threads
#   Decrease Java thread stack sizes (-Xss)
#   Set larger code cache with -XX:ReservedCodeCacheSize=
#   JVM is running with Unscaled Compressed Oops mode in which the Java heap is
#     placed in the first 4GB address space. The Java Heap base address is the
#     maximum limit for the native heap growth. Please use -XX:HeapBaseMinAddress
#     to set the Java Heap base and to place the Java Heap above 4GB virtual address.
# This output file may be truncated or incomplete.
#
#  Out of Memory Error (os_windows.cpp:3530), pid=173200, tid=192084
#
# JRE version: Java(TM) SE Runtime Environment (18.0.1.1+2) (build 18.0.1.1+2-6)
# Java VM: Java HotSpot(TM) 64-Bit Server VM (18.0.1.1+2-6, mixed mode, sharing, tiered, compressed oops, compressed class ptrs, g1 gc, windows-amd64)
# No core dump will be written. Minidumps are not enabled by default on client versions of Windows
#

---------------  S U M M A R Y ------------

Command Line: -ea -Dfile.encoding=UTF-8 -XX:+ShowCodeDetailsInExceptionMessages org.testng.remote.RemoteTestNG -serport 59290 -protocol json -d D:\Purush doc\New Automation Doc 26-05-2022\Pattern\test-output D:\Purush doc\New Automation Doc 26-05-2022\Pattern\testng.xml

Host: Intel(R) Core(TM) i3-1005G1 CPU @ 1.20GHz, 4 cores, 7G,  Windows 11 , 64 bit Build 22000 (10.0.22000.708)
Time: Mon Oct 10 16:08:45 2022 India Standard Time elapsed time: 16.030184 seconds (0d 0h 0m 16s)

---------------  T H R E A D  ---------------

Current thread (0x000001c4cabf88e0):  JavaThread "AsyncHttpClient-1-8" daemon [_thread_in_vm, id=192084, stack(0x000000388c000000,0x000000388c100000)]

Stack: [0x000000388c000000,0x000000388c100000]
Native frames: (J=compiled Java code, j=interpreted, Vv=VM code, C=native code)
V  [jvm.dll+0x69887a]
V  [jvm.dll+0x7f38bd]
V  [jvm.dll+0x7f51ce]
V  [jvm.dll+0x7f5883]
V  [jvm.dll+0x25ca3f]
V  [jvm.dll+0x6957c9]
V  [jvm.dll+0x68a2fa]
V  [jvm.dll+0x321efb]
V  [jvm.dll+0x3298d6]
V  [jvm.dll+0x37e16b]
V  [jvm.dll+0x37e794]
V  [jvm.dll+0x37e346]
V  [jvm.dll+0x2fa284]
V  [jvm.dll+0x2f8256]
V  [jvm.dll+0x62d3e3]
V  [jvm.dll+0x2278e2]
V  [jvm.dll+0x7bb047]
V  [jvm.dll+0x3a2faa]
C  0x000001c4af7fb90d

Java frames: (J=compiled Java code, j=interpreted, Vv=VM code)
j  io.netty.util.internal.PlatformDependent.allocateUninitializedArray(I)[B+14
j  io.netty.buffer.PoolArena$HeapArena.newByteArray(I)[B+1
j  io.netty.buffer.PoolArena$HeapArena.newChunk(IIII)Lio/netty/buffer/PoolChunk;+8
j  io.netty.buffer.PoolArena.allocateNormal(Lio/netty/buffer/PooledByteBuf;IILio/netty/buffer/PoolThreadCache;)V+93
j  io.netty.buffer.PoolArena.tcacheAllocateSmall(Lio/netty/buffer/PoolThreadCache;Lio/netty/buffer/PooledByteBuf;II)V+162
j  io.netty.buffer.PoolArena.allocate(Lio/netty/buffer/PoolThreadCache;Lio/netty/buffer/PooledByteBuf;I)V+22
j  io.netty.buffer.PoolArena.allocate(Lio/netty/buffer/PoolThreadCache;II)Lio/netty/buffer/PooledByteBuf;+12
j  io.netty.buffer.PooledByteBufAllocator.newHeapBuffer(II)Lio/netty/buffer/ByteBuf;+27
j  io.netty.buffer.AbstractByteBufAllocator.heapBuffer(II)Lio/netty/buffer/ByteBuf;+21
j  io.netty.buffer.AbstractByteBufAllocator.heapBuffer(I)Lio/netty/buffer/ByteBuf;+4
j  io.netty.buffer.UnsafeByteBufUtil.setBytes(Lio/netty/buffer/AbstractByteBuf;JILjava/io/InputStream;I)I+13
j  io.netty.buffer.PooledUnsafeDirectByteBuf.setBytes(ILjava/io/InputStream;I)I+9
j  io.netty.buffer.AbstractByteBuf.writeBytes(Ljava/io/InputStream;I)I+13
j  io.netty.handler.stream.ChunkedStream.readChunk(Lio/netty/buffer/ByteBufAllocator;)Lio/netty/buffer/ByteBuf;+63
j  io.netty.handler.stream.ChunkedStream.readChunk(Lio/netty/buffer/ByteBufAllocator;)Ljava/lang/Object;+2
j  io.netty.handler.stream.ChunkedWriteHandler.doFlush(Lio/netty/channel/ChannelHandlerContext;)V+118
j  io.netty.handler.stream.ChunkedWriteHandler.flush(Lio/netty/channel/ChannelHandlerContext;)V+2
j  io.netty.channel.AbstractChannelHandlerContext.invokeFlush0()V+8
j  io.netty.channel.AbstractChannelHandlerContext.invokeWriteAndFlush(Ljava/lang/Object;Lio/netty/channel/ChannelPromise;)V+14
j  io.netty.channel.AbstractChannelHandlerContext.write(Ljava/lang/Object;ZLio/netty/channel/ChannelPromise;)V+90
j  io.netty.channel.AbstractChannelHandlerContext.writeAndFlush(Ljava/lang/Object;Lio/netty/channel/ChannelPromise;)Lio/netty/channel/ChannelFuture;+4
j  io.netty.channel.DefaultChannelPipeline.writeAndFlush(Ljava/lang/Object;Lio/netty/channel/ChannelPromise;)Lio/netty/channel/ChannelFuture;+6
j  io.netty.channel.AbstractChannel.writeAndFlush(Ljava/lang/Object;Lio/netty/channel/ChannelPromise;)Lio/netty/channel/ChannelFuture;+6
j  org.asynchttpclient.netty.request.body.NettyInputStreamBody.write(Lio/netty/channel/Channel;Lorg/asynchttpclient/netty/NettyResponseFuture;)V+93
j  org.asynchttpclient.netty.request.NettyRequestSender.writeRequest(Lorg/asynchttpclient/netty/NettyResponseFuture;Lio/netty/channel/Channel;)V+209
j  org.asynchttpclient.netty.channel.NettyConnectListener.writeRequest(Lio/netty/channel/Channel;)V+101
j  org.asynchttpclient.netty.channel.NettyConnectListener.onSuccess(Lio/netty/channel/Channel;Ljava/net/InetSocketAddress;)V+232
j  org.asynchttpclient.netty.channel.NettyChannelConnector$1.onSuccess(Lio/netty/channel/Channel;)V+51
j  org.asynchttpclient.netty.SimpleChannelFutureListener.operationComplete(Lio/netty/channel/ChannelFuture;)V+18
j  org.asynchttpclient.netty.SimpleChannelFutureListener.operationComplete(Lio/netty/util/concurrent/Future;)V+5
j  io.netty.util.concurrent.DefaultPromise.notifyListener0(Lio/netty/util/concurrent/Future;Lio/netty/util/concurrent/GenericFutureListener;)V+2
j  io.netty.util.concurrent.DefaultPromise.notifyListeners0(Lio/netty/util/concurrent/DefaultFutureListeners;)V+24
j  io.netty.util.concurrent.DefaultPromise.notifyListenersNow()V+58
j  io.netty.util.concurrent.DefaultPromise.notifyListeners()V+38
j  io.netty.util.concurrent.DefaultPromise.setValue0(Ljava/lang/Object;)Z+34
j  io.netty.util.concurrent.DefaultPromise.setSuccess0(Ljava/lang/Object;)Z+12
j  io.netty.util.concurrent.DefaultPromise.trySuccess(Ljava/lang/Object;)Z+2
j  io.netty.channel.DefaultChannelPromise.trySuccess()Z+2
j  io.netty.channel.nio.AbstractNioChannel$AbstractNioUnsafe.fulfillConnectPromise(Lio/netty/channel/ChannelPromise;Z)V+14
j  io.netty.channel.nio.AbstractNioChannel$AbstractNioUnsafe.finishConnect()V+51
j  io.netty.channel.nio.NioEventLoop.processSelectedKey(Ljava/nio/channels/SelectionKey;Lio/netty/channel/nio/AbstractNioChannel;)V+78
j  io.netty.channel.nio.NioEventLoop.processSelectedKeysOptimized()V+51
j  io.netty.channel.nio.NioEventLoop.processSelectedKeys()V+8
j  io.netty.channel.nio.NioEventLoop.run()V+263
j  io.netty.util.concurrent.SingleThreadEventExecutor$4.run()V+44
j  io.netty.util.internal.ThreadExecutorMap$2.run()V+11
j  io.netty.util.concurrent.FastThreadLocalRunnable.run()V+4
j  java.lang.Thread.run()V+11 java.base@18.0.1.1
v  ~StubRoutines::call_stub

---------------  P R O C E S S  ---------------

Threads class SMR info:
_java_thread_list=0x000001c4ca191fc0, length=38, elements={
0x000001c4a7ead6d0, 0x000001c4c55e8650, 0x000001c4c55e9af0, 0x000001c4c56044e0,
0x000001c4c5604e80, 0x000001c4c5605820, 0x000001c4c56061c0, 0x000001c4c5606e90,
0x000001c4c5676e00, 0x000001c4c5679ab0, 0x000001c4c989ca10, 0x000001c4c98a4f40,
0x000001c4c9e7ae50, 0x000001c4ca0b3c70, 0x000001c4c9edf070, 0x000001c4ca393150,
0x000001c4ca399de0, 0x000001c4ca397e50, 0x000001c4ca874a80, 0x000001c4ca875420,
0x000001c4ca876c30, 0x000001c4ca8775d0, 0x000001c4ca874f50, 0x000001c4ca877100,
0x000001c4ca877aa0, 0x000001c4ca8740e0, 0x000001c4ca8745b0, 0x000001c4ca8758f0,
0x000001c4ca875dc0, 0x000001c4ca876290, 0x000001c4ca876760, 0x000001c4cabf53f0,
0x000001c4cabf8410, 0x000001c4cabf4a50, 0x000001c4cabfaa90, 0x000001c4cabfaf60,
0x000001c4cabf8db0, 0x000001c4cabf88e0
}

Java Threads: ( => current thread )
  0x000001c4a7ead6d0 JavaThread "main" [_thread_blocked, id=181968, stack(0x000000388ac00000,0x000000388ad00000)]
  0x000001c4c55e8650 JavaThread "Reference Handler" daemon [_thread_blocked, id=146824, stack(0x000000388b300000,0x000000388b400000)]
  0x000001c4c55e9af0 JavaThread "Finalizer" daemon [_thread_blocked, id=191600, stack(0x000000388b400000,0x000000388b500000)]
  0x000001c4c56044e0 JavaThread "Signal Dispatcher" daemon [_thread_blocked, id=157280, stack(0x000000388b500000,0x000000388b600000)]
  0x000001c4c5604e80 JavaThread "Attach Listener" daemon [_thread_blocked, id=173076, stack(0x000000388b600000,0x000000388b700000)]
  0x000001c4c5605820 JavaThread "Service Thread" daemon [_thread_blocked, id=182668, stack(0x000000388b700000,0x000000388b800000)]
  0x000001c4c56061c0 JavaThread "Monitor Deflation Thread" daemon [_thread_blocked, id=173872, stack(0x000000388b800000,0x000000388b900000)]
  0x000001c4c5606e90 JavaThread "C2 CompilerThread0" daemon [_thread_blocked, id=125852, stack(0x000000388b900000,0x000000388ba00000)]
  0x000001c4c5676e00 JavaThread "C1 CompilerThread0" daemon [_thread_blocked, id=189396, stack(0x000000388ba00000,0x000000388bb00000)]
  0x000001c4c5679ab0 JavaThread "Sweeper thread" daemon [_thread_blocked, id=190380, stack(0x000000388bb00000,0x000000388bc00000)]
  0x000001c4c989ca10 JavaThread "Notification Thread" daemon [_thread_blocked, id=187048, stack(0x000000388bc00000,0x000000388bd00000)]
  0x000001c4c98a4f40 JavaThread "Common-Cleaner" daemon [_thread_blocked, id=186076, stack(0x000000388be00000,0x000000388bf00000)]
  0x000001c4c9e7ae50 JavaThread "ReaderThread" [_thread_in_native, id=173456, stack(0x000000388c200000,0x000000388c300000)]
  0x000001c4ca0b3c70 JavaThread "ForkJoinPool.commonPool-worker-1" daemon [_thread_blocked, id=183512, stack(0x000000388c600000,0x000000388c700000)]
  0x000001c4c9edf070 JavaThread "ForkJoinPool.commonPool-worker-2" daemon [_thread_blocked, id=189832, stack(0x000000388c700000,0x000000388c800000)]
  0x000001c4ca393150 JavaThread "ForkJoinPool.commonPool-worker-3" daemon [_thread_blocked, id=192368, stack(0x000000388c800000,0x000000388c900000)]
  0x000001c4ca399de0 JavaThread "Forwarding maximizeCurrentWindow on session fe2f52a06cafd168eab1a31683b85a0b to remote" [_thread_blocked, id=188656, stack(0x000000388c900000,0x000000388ca00000)]
  0x000001c4ca397e50 JavaThread "Forwarding get on session fe2f52a06cafd168eab1a31683b85a0b to remote" [_thread_blocked, id=182520, stack(0x000000388ca00000,0x000000388cb00000)]
  0x000001c4ca874a80 JavaThread "AsyncHttpClient-1-1" daemon [_thread_blocked, id=185384, stack(0x000000388cb00000,0x000000388cc00000)]
  0x000001c4ca875420 JavaThread "Exec Default Executor" daemon [_thread_in_native, id=181980, stack(0x000000388cc00000,0x000000388cd00000)]
  0x000001c4ca876c30 JavaThread "Exec Default Executor" daemon [_thread_in_native, id=184736, stack(0x000000388cd00000,0x000000388ce00000)]
  0x000001c4ca8775d0 JavaThread "Driver Service Executor" daemon [_thread_blocked, id=190916, stack(0x000000388ce00000,0x000000388cf00000)]
  0x000001c4ca874f50 JavaThread "Driver Service Executor" daemon [_thread_blocked, id=185192, stack(0x000000388cf00000,0x000000388d000000)]
  0x000001c4ca877100 JavaThread "Driver Service Executor" daemon [_thread_blocked, id=189140, stack(0x000000388d000000,0x000000388d100000)]
  0x000001c4ca877aa0 JavaThread "Driver Service Executor" daemon [_thread_blocked, id=168108, stack(0x000000388d100000,0x000000388d200000)]
  0x000001c4ca8740e0 JavaThread "UrlChecker-2" daemon [_thread_blocked, id=174608, stack(0x000000388d200000,0x000000388d300000)]
  0x000001c4ca8745b0 JavaThread "UrlChecker-3" daemon [_thread_blocked, id=173724, stack(0x000000388d300000,0x000000388d400000)]
  0x000001c4ca8758f0 JavaThread "Exec Stream Pumper" daemon [_thread_in_native, id=174520, stack(0x000000388d400000,0x000000388d500000)]
  0x000001c4ca875dc0 JavaThread "Exec Stream Pumper" daemon [_thread_in_native, id=187480, stack(0x000000388d500000,0x000000388d600000)]
  0x000001c4ca876290 JavaThread "Exec Stream Pumper" daemon [_thread_in_native, id=186856, stack(0x000000388d600000,0x000000388d700000)]
  0x000001c4ca876760 JavaThread "Exec Stream Pumper" daemon [_thread_in_native, id=160016, stack(0x000000388d700000,0x000000388d800000)]
  0x000001c4cabf53f0 JavaThread "AsyncHttpClient-1-3" daemon [_thread_in_native, id=187000, stack(0x000000388d800000,0x000000388d900000)]
  0x000001c4cabf8410 JavaThread "AsyncHttpClient-1-2" daemon [_thread_in_native, id=157636, stack(0x000000388d900000,0x000000388da00000)]
  0x000001c4cabf4a50 JavaThread "AsyncHttpClient-1-4" daemon [_thread_in_native, id=182064, stack(0x000000388da00000,0x000000388db00000)]
  0x000001c4cabfaa90 JavaThread "AsyncHttpClient-1-5" daemon [_thread_in_native, id=158980, stack(0x000000388db00000,0x000000388dc00000)]
  0x000001c4cabfaf60 JavaThread "AsyncHttpClient-1-6" daemon [_thread_in_native, id=184516, stack(0x000000388dc00000,0x000000388dd00000)]
  0x000001c4cabf8db0 JavaThread "AsyncHttpClient-1-7" daemon [_thread_in_native, id=154380, stack(0x000000388dd00000,0x000000388de00000)]
=>0x000001c4cabf88e0 JavaThread "AsyncHttpClient-1-8" daemon [_thread_in_vm, id=192084, stack(0x000000388c000000,0x000000388c100000)]

Other Threads:
  0x000001c4c55e16f0 VMThread "VM Thread" [stack: 0x000000388b200000,0x000000388b300000] [id=182536]
  0x000001c4c98a0ee0 WatcherThread "VM Periodic Task Thread" [stack: 0x000000388bd00000,0x000000388be00000] [id=185028]
  0x000001c4a7f0c960 WorkerThread "GC Thread#0" [stack: 0x000000388ad00000,0x000000388ae00000] [id=181868]
  0x000001c4c9f00a20 WorkerThread "GC Thread#1" [stack: 0x000000388c300000,0x000000388c400000] [id=189744]
  0x000001c4c9f00cc0 WorkerThread "GC Thread#2" [stack: 0x000000388c400000,0x000000388c500000] [id=171468]
  0x000001c4c9fa49d0 WorkerThread "GC Thread#3" [stack: 0x000000388c500000,0x000000388c600000] [id=187188]
  0x000001c4a7f1d090 ConcurrentGCThread "G1 Main Marker" [stack: 0x000000388ae00000,0x000000388af00000] [id=183188]
  0x000001c4a7f1e380 WorkerThread "G1 Conc#0" [stack: 0x000000388af00000,0x000000388b000000] [id=182508]
  0x000001c4a7f5b4b0 ConcurrentGCThread "G1 Refine#0" [stack: 0x000000388b000000,0x000000388b100000] [id=114816]
  0x000001c4a7f5c6c0 ConcurrentGCThread "G1 Service" [stack: 0x000000388b100000,0x000000388b200000] [id=190676]

Threads with active compile tasks:

VM state: not at safepoint (normal execution)

VM Mutex/Monitor currently owned by a thread:  ([mutex/lock_event])
[0x000001c4a7eaa060] Heap_lock - owner thread: 0x000001c4cabf88e0

Heap address: 0x0000000084000000, size: 1984 MB, Compressed Oops mode: 32-bit

CDS archive(s) mapped at: [0x0000000800000000-0x0000000800ba0000-0x0000000800ba0000), size 12189696, SharedBaseAddress: 0x0000000800000000, ArchiveRelocationMode: 0.
Compressed class space mapped at: 0x0000000800c00000-0x0000000840c00000, reserved size: 1073741824
Narrow klass base: 0x0000000800000000, Narrow klass shift: 0, Narrow klass range: 0x100000000

GC Precious Log:
 CardTable entry size: 512
 Card Set container configuration: InlinePtr #cards 5 size 8 Array Of Cards #cards 12 size 40 Howl #buckets 4 coarsen threshold 1843 Howl Bitmap #cards 512 size 80 coarsen threshold 460 Card regions per heap region 1 cards per card region 2048
 CPUs: 4 total, 4 available
 Memory: 7934M
 Large Page Support: Disabled
 NUMA Support: Disabled
 Compressed Oops: Enabled (32-bit)
 Heap Region Size: 1M
 Heap Min Capacity: 8M
 Heap Initial Capacity: 124M
 Heap Max Capacity: 1984M
 Pre-touch: Disabled
 Parallel Workers: 4
 Concurrent Workers: 1
 Concurrent Refinement Workers: 4
 Periodic GC: Disabled

Heap:
 garbage-first heap   total 71680K, used 56137K [0x0000000084000000, 0x0000000100000000)
  region size 1024K, 16 young (16384K), 5 survivors (5120K)
 Metaspace       used 23235K, committed 23488K, reserved 1114112K
  class space    used 2873K, committed 3008K, reserved 1048576K

Heap Regions: E=young(eden), S=young(survivor), O=old, HS=humongous(starts), HC=humongous(continues), CS=collection set, F=free, OA=open archive, CA=closed archive, TAMS=top-at-mark-start (previous, next)
|   0|0x0000000084000000, 0x0000000084100000, 0x0000000084100000|100%| O|  |TAMS 0x0000000084100000, 0x0000000084000000| Untracked 
|   1|0x0000000084100000, 0x0000000084200000, 0x0000000084200000|100%| O|  |TAMS 0x0000000084200000, 0x0000000084100000| Untracked 
|   2|0x0000000084200000, 0x0000000084300000, 0x0000000084300000|100%| O|  |TAMS 0x0000000084300000, 0x0000000084200000| Untracked 
|   3|0x0000000084300000, 0x0000000084400000, 0x0000000084400000|100%| O|  |TAMS 0x0000000084400000, 0x0000000084300000| Untracked 
|   4|0x0000000084400000, 0x0000000084500000, 0x0000000084500000|100%| O|  |TAMS 0x0000000084500000, 0x0000000084400000| Untracked 
|   5|0x0000000084500000, 0x0000000084600000, 0x0000000084600000|100%| O|  |TAMS 0x0000000084600000, 0x0000000084500000| Untracked 
|   6|0x0000000084600000, 0x0000000084669000, 0x0000000084700000| 41%| O|  |TAMS 0x0000000084669000, 0x0000000084600000| Complete 
|   7|0x0000000084700000, 0x0000000084800000, 0x0000000084800000|100%|HS|  |TAMS 0x0000000084700000, 0x0000000084700000| Complete 
|   8|0x0000000084800000, 0x0000000084900000, 0x0000000084900000|100%|HC|  |TAMS 0x0000000084800000, 0x0000000084800000| Complete 
|   9|0x0000000084900000, 0x0000000084a00000, 0x0000000084a00000|100%|HC|  |TAMS 0x0000000084900000, 0x0000000084900000| Complete 
|  10|0x0000000084a00000, 0x0000000084b00000, 0x0000000084b00000|100%|HC|  |TAMS 0x0000000084a00000, 0x0000000084a00000| Complete 
|  11|0x0000000084b00000, 0x0000000084c00000, 0x0000000084c00000|100%|HC|  |TAMS 0x0000000084b00000, 0x0000000084b00000| Complete 
|  12|0x0000000084c00000, 0x0000000084d00000, 0x0000000084d00000|100%|HC|  |TAMS 0x0000000084c00000, 0x0000000084c00000| Complete 
|  13|0x0000000084d00000, 0x0000000084e00000, 0x0000000084e00000|100%|HC|  |TAMS 0x0000000084d00000, 0x0000000084d00000| Complete 
|  14|0x0000000084e00000, 0x0000000084f00000, 0x0000000084f00000|100%|HC|  |TAMS 0x0000000084e00000, 0x0000000084e00000| Complete 
|  15|0x0000000084f00000, 0x0000000085000000, 0x0000000085000000|100%|HC|  |TAMS 0x0000000084f00000, 0x0000000084f00000| Complete 
|  16|0x0000000085000000, 0x0000000085100000, 0x0000000085100000|100%|HC|  |TAMS 0x0000000085000000, 0x0000000085000000| Complete 
|  17|0x0000000085100000, 0x0000000085200000, 0x0000000085200000|100%|HC|  |TAMS 0x0000000085100000, 0x0000000085100000| Complete 
|  18|0x0000000085200000, 0x0000000085300000, 0x0000000085300000|100%|HC|  |TAMS 0x0000000085200000, 0x0000000085200000| Complete 
|  19|0x0000000085300000, 0x0000000085400000, 0x0000000085400000|100%|HC|  |TAMS 0x0000000085300000, 0x0000000085300000| Complete 
|  20|0x0000000085400000, 0x0000000085500000, 0x0000000085500000|100%|HC|  |TAMS 0x0000000085400000, 0x0000000085400000| Complete 
|  21|0x0000000085500000, 0x0000000085600000, 0x0000000085600000|100%|HC|  |TAMS 0x0000000085500000, 0x0000000085500000| Complete 
|  22|0x0000000085600000, 0x0000000085700000, 0x0000000085700000|100%|HC|  |TAMS 0x0000000085600000, 0x0000000085600000| Complete 
|  23|0x0000000085700000, 0x0000000085800000, 0x0000000085800000|100%|HC|  |TAMS 0x0000000085700000, 0x0000000085700000| Complete 
|  24|0x0000000085800000, 0x0000000085800000, 0x0000000085900000|  0%| F|  |TAMS 0x0000000085800000, 0x0000000085800000| Untracked 
|  25|0x0000000085900000, 0x0000000085900000, 0x0000000085a00000|  0%| F|  |TAMS 0x0000000085900000, 0x0000000085900000| Untracked 
|  26|0x0000000085a00000, 0x0000000085a00000, 0x0000000085b00000|  0%| F|  |TAMS 0x0000000085a00000, 0x0000000085a00000| Untracked 
|  27|0x0000000085b00000, 0x0000000085b00000, 0x0000000085c00000|  0%| F|  |TAMS 0x0000000085b00000, 0x0000000085b00000| Untracked 
|  28|0x0000000085c00000, 0x0000000085c14648, 0x0000000085d00000|  7%| E|  |TAMS 0x0000000085c00000, 0x0000000085c00000| Complete 
|  29|0x0000000085d00000, 0x0000000085e00000, 0x0000000085e00000|100%| E|CS|TAMS 0x0000000085d00000, 0x0000000085d00000| Complete 
|  30|0x0000000085e00000, 0x0000000085f00000, 0x0000000085f00000|100%| E|CS|TAMS 0x0000000085e00000, 0x0000000085e00000| Complete 
|  31|0x0000000085f00000, 0x0000000086000000, 0x0000000086000000|100%| E|CS|TAMS 0x0000000085f00000, 0x0000000085f00000| Complete 
|  32|0x0000000086000000, 0x0000000086100000, 0x0000000086100000|100%| E|CS|TAMS 0x0000000086000000, 0x0000000086000000| Complete 
|  33|0x0000000086100000, 0x0000000086200000, 0x0000000086200000|100%| E|CS|TAMS 0x0000000086100000, 0x0000000086100000| Complete 
|  34|0x0000000086200000, 0x0000000086300000, 0x0000000086300000|100%| E|CS|TAMS 0x0000000086200000, 0x0000000086200000| Complete 
|  35|0x0000000086300000, 0x0000000086400000, 0x0000000086400000|100%| E|CS|TAMS 0x0000000086300000, 0x0000000086300000| Complete 
|  36|0x0000000086400000, 0x0000000086500000, 0x0000000086500000|100%| E|CS|TAMS 0x0000000086400000, 0x0000000086400000| Complete 
|  37|0x0000000086500000, 0x0000000086600000, 0x0000000086600000|100%| E|CS|TAMS 0x0000000086500000, 0x0000000086500000| Complete 
|  38|0x0000000086600000, 0x0000000086700000, 0x0000000086700000|100%|HS|  |TAMS 0x0000000086600000, 0x0000000086600000| Complete 
|  39|0x0000000086700000, 0x0000000086800000, 0x0000000086800000|100%|HC|  |TAMS 0x0000000086700000, 0x0000000086700000| Complete 
|  40|0x0000000086800000, 0x0000000086900000, 0x0000000086900000|100%|HC|  |TAMS 0x0000000086800000, 0x0000000086800000| Complete 
|  41|0x0000000086900000, 0x0000000086a00000, 0x0000000086a00000|100%|HC|  |TAMS 0x0000000086900000, 0x0000000086900000| Complete 
|  42|0x0000000086a00000, 0x0000000086b00000, 0x0000000086b00000|100%|HC|  |TAMS 0x0000000086a00000, 0x0000000086a00000| Complete 
|  43|0x0000000086b00000, 0x0000000086c00000, 0x0000000086c00000|100%|HC|  |TAMS 0x0000000086b00000, 0x0000000086b00000| Complete 
|  44|0x0000000086c00000, 0x0000000086d00000, 0x0000000086d00000|100%|HC|  |TAMS 0x0000000086c00000, 0x0000000086c00000| Complete 
|  45|0x0000000086d00000, 0x0000000086e00000, 0x0000000086e00000|100%|HC|  |TAMS 0x0000000086d00000, 0x0000000086d00000| Complete 
|  46|0x0000000086e00000, 0x0000000086f00000, 0x0000000086f00000|100%|HC|  |TAMS 0x0000000086e00000, 0x0000000086e00000| Complete 
|  47|0x0000000086f00000, 0x0000000087000000, 0x0000000087000000|100%|HC|  |TAMS 0x0000000086f00000, 0x0000000086f00000| Complete 
|  48|0x0000000087000000, 0x0000000087100000, 0x0000000087100000|100%|HC|  |TAMS 0x0000000087000000, 0x0000000087000000| Complete 
|  49|0x0000000087100000, 0x0000000087200000, 0x0000000087200000|100%|HC|  |TAMS 0x0000000087100000, 0x0000000087100000| Complete 
|  50|0x0000000087200000, 0x0000000087300000, 0x0000000087300000|100%|HC|  |TAMS 0x0000000087200000, 0x0000000087200000| Complete 
|  51|0x0000000087300000, 0x0000000087400000, 0x0000000087400000|100%|HC|  |TAMS 0x0000000087300000, 0x0000000087300000| Complete 
|  52|0x0000000087400000, 0x0000000087500000, 0x0000000087500000|100%|HC|  |TAMS 0x0000000087400000, 0x0000000087400000| Complete 
|  53|0x0000000087500000, 0x0000000087600000, 0x0000000087600000|100%|HC|  |TAMS 0x0000000087500000, 0x0000000087500000| Complete 
|  54|0x0000000087600000, 0x0000000087700000, 0x0000000087700000|100%|HC|  |TAMS 0x0000000087600000, 0x0000000087600000| Complete 
|  55|0x0000000087700000, 0x0000000087700000, 0x0000000087800000|  0%| F|  |TAMS 0x0000000087700000, 0x0000000087700000| Untracked 
|  56|0x0000000087800000, 0x0000000087800000, 0x0000000087900000|  0%| F|  |TAMS 0x0000000087800000, 0x0000000087800000| Untracked 
|  57|0x0000000087900000, 0x0000000087900000, 0x0000000087a00000|  0%| F|  |TAMS 0x0000000087900000, 0x0000000087900000| Untracked 
|  58|0x0000000087a00000, 0x0000000087a00000, 0x0000000087b00000|  0%| F|  |TAMS 0x0000000087a00000, 0x0000000087a00000| Untracked 
|  59|0x0000000087b00000, 0x0000000087b00000, 0x0000000087c00000|  0%| F|  |TAMS 0x0000000087b00000, 0x0000000087b00000| Untracked 
|  60|0x0000000087c00000, 0x0000000087c00000, 0x0000000087d00000|  0%| F|  |TAMS 0x0000000087c00000, 0x0000000087c00000| Untracked 
|  61|0x0000000087d00000, 0x0000000087d00000, 0x0000000087e00000|  0%| F|  |TAMS 0x0000000087d00000, 0x0000000087d00000| Untracked 
|  62|0x0000000087e00000, 0x0000000087e00000, 0x0000000087f00000|  0%| F|  |TAMS 0x0000000087e00000, 0x0000000087e00000| Untracked 
|  63|0x0000000087f00000, 0x0000000087f00000, 0x0000000088000000|  0%| F|  |TAMS 0x0000000087f00000, 0x0000000087f00000| Untracked 
|  93|0x0000000089d00000, 0x0000000089d551a0, 0x0000000089e00000| 33%| S|CS|TAMS 0x0000000089d00000, 0x0000000089d00000| Complete 
|  94|0x0000000089e00000, 0x0000000089f00000, 0x0000000089f00000|100%| S|CS|TAMS 0x0000000089e00000, 0x0000000089e00000| Complete 
|  95|0x0000000089f00000, 0x000000008a000000, 0x000000008a000000|100%| S|CS|TAMS 0x0000000089f00000, 0x0000000089f00000| Complete 
|  96|0x000000008a000000, 0x000000008a100000, 0x000000008a100000|100%| S|CS|TAMS 0x000000008a000000, 0x000000008a000000| Complete 
|  97|0x000000008a100000, 0x000000008a200000, 0x000000008a200000|100%| S|CS|TAMS 0x000000008a100000, 0x000000008a100000| Complete 
| 123|0x000000008bb00000, 0x000000008bc00000, 0x000000008bc00000|100%| E|CS|TAMS 0x000000008bb00000, 0x000000008bb00000| Complete 

Card table byte_map: [0x000001c4bebc0000,0x000001c4befa0000] _byte_map_base: 0x000001c4be7a0000

Marking Bits (Prev, Next): (CMBitMap*) 0x000001c4a7f0cfa0, (CMBitMap*) 0x000001c4a7f0cf60
 Prev Bits: [0x000001c4c1280000, 0x000001c4c3180000)
 Next Bits: [0x000001c4bf380000, 0x000001c4c1280000)

Polling page: 0x000001c4a5d30000

Metaspace:

Usage:
  Non-class:     19.89 MB used.
      Class:      2.81 MB used.
       Both:     22.69 MB used.

Virtual space:
  Non-class space:       64.00 MB reserved,      20.00 MB ( 31%) committed,  1 nodes.
      Class space:        1.00 GB reserved,       2.94 MB ( <1%) committed,  1 nodes.
             Both:        1.06 GB reserved,      22.94 MB (  2%) committed. 

Chunk freelists:
   Non-Class:  3.64 MB
       Class:  992.00 KB
        Both:  4.61 MB

MaxMetaspaceSize: unlimited
CompressedClassSpaceSize: 1.00 GB
Initial GC threshold: 21.00 MB
Current GC threshold: 35.31 MB
CDS: on
MetaspaceReclaimPolicy: balanced
 - commit_granule_bytes: 65536.
 - commit_granule_words: 8192.
 - virtual_space_node_default_size: 8388608.
 - enlarge_chunks_in_place: 1.
 - new_chunks_are_fully_committed: 0.
 - uncommit_free_chunks: 1.
 - use_allocation_guard: 0.


Internal statistics:

num_allocs_failed_limit: 3.
num_arena_births: 256.
num_arena_deaths: 4.
num_vsnodes_births: 2.
num_vsnodes_deaths: 0.
num_space_committed: 367.
num_space_uncommitted: 0.
num_chunks_returned_to_freelist: 7.
num_chunks_taken_from_freelist: 851.
num_chunk_merges: 3.
num_chunk_splits: 588.
num_chunks_enlarged: 463.
num_inconsistent_stats: 0.

CodeHeap 'non-profiled nmethods': size=120000Kb used=943Kb max_used=943Kb free=119056Kb
 bounds [0x000001c4b72b0000, 0x000001c4b7520000, 0x000001c4be7e0000]
CodeHeap 'profiled nmethods': size=120000Kb used=4952Kb max_used=4952Kb free=115047Kb
 bounds [0x000001c4afd80000, 0x000001c4b0260000, 0x000001c4b72b0000]
CodeHeap 'non-nmethods': size=5760Kb used=1306Kb max_used=1323Kb free=4453Kb
 bounds [0x000001c4af7e0000, 0x000001c4afa50000, 0x000001c4afd80000]
 total_blobs=3091 nmethods=2492 adapters=511
 compilation: enabled
              stopped_count=0, restarted_count=0
 full_count=0

Compilation events (20 events):
Event: 13.173 Thread 0x000001c4c5676e00 2483       1       io.netty.util.HashedWheelTimer::access$1000 (5 bytes)
Event: 13.173 Thread 0x000001c4c5676e00 nmethod 2483 0x000001c4b739b910 code [0x000001c4b739baa0, 0x000001c4b739bb58]
Event: 15.868 Thread 0x000001c4c5676e00 2484       3       io.netty.util.internal.PlatformDependent::isWindows (4 bytes)
Event: 15.868 Thread 0x000001c4c5676e00 nmethod 2484 0x000001c4b0254590 code [0x000001c4b0254720, 0x000001c4b0254818]
Event: 15.998 Thread 0x000001c4c5676e00 2485       3       com.google.common.base.CharMatcher$Ascii::matches (12 bytes)
Event: 15.998 Thread 0x000001c4c5676e00 nmethod 2485 0x000001c4b0254890 code [0x000001c4b0254a20, 0x000001c4b0254b98]
Event: 15.998 Thread 0x000001c4c5676e00 2487       3       java.util.Arrays::binarySearch (9 bytes)
Event: 15.999 Thread 0x000001c4c5676e00 nmethod 2487 0x000001c4b0254c10 code [0x000001c4b0254da0, 0x000001c4b0254ec8]
Event: 15.999 Thread 0x000001c4c5676e00 2486       3       com.google.common.base.CharMatcher$AnyOf::matches (17 bytes)
Event: 15.999 Thread 0x000001c4c5676e00 nmethod 2486 0x000001c4b0254f90 code [0x000001c4b0255140, 0x000001c4b0255348]
Event: 15.999 Thread 0x000001c4c5676e00 2488       1       com.google.common.collect.ImmutableMultimap::asMap (5 bytes)
Event: 15.999 Thread 0x000001c4c5676e00 nmethod 2488 0x000001c4b739bc10 code [0x000001c4b739bda0, 0x000001c4b739be78]
Event: 16.009 Thread 0x000001c4c5676e00 2489       3       java.util.HashSet::contains (9 bytes)
Event: 16.009 Thread 0x000001c4c5676e00 nmethod 2489 0x000001c4b0255490 code [0x000001c4b0255640, 0x000001c4b0255808]
Event: 16.023 Thread 0x000001c4c5676e00 2490       3       io.netty.util.internal.PlatformDependent::putByte (7 bytes)
Event: 16.024 Thread 0x000001c4c5676e00 nmethod 2490 0x000001c4b0255910 code [0x000001c4b0255aa0, 0x000001c4b0255ba8]
Event: 16.024 Thread 0x000001c4c5676e00 2492       3       io.netty.buffer.AbstractReferenceCountedByteBuf::isAccessible (8 bytes)
Event: 16.024 Thread 0x000001c4c5676e00 nmethod 2492 0x000001c4b0255c90 code [0x000001c4b0255e40, 0x000001c4b0255f88]
Event: 16.024 Thread 0x000001c4c5676e00 2491       3       sun.misc.Unsafe::putByte (11 bytes)
Event: 16.024 Thread 0x000001c4c5676e00 nmethod 2491 0x000001c4b0256010 code [0x000001c4b02561a0, 0x000001c4b02562b8]

GC Heap History (8 events):
Event: 0.677 GC heap before
{Heap before GC invocations=0 (full 0):
 garbage-first heap   total 126976K, used 13312K [0x0000000084000000, 0x0000000100000000)
  region size 1024K, 13 young (13312K), 0 survivors (0K)
 Metaspace       used 5313K, committed 5504K, reserved 1114112K
  class space    used 557K, committed 640K, reserved 1048576K
}
Event: 0.681 GC heap after
{Heap after GC invocations=1 (full 0):
 garbage-first heap   total 126976K, used 4719K [0x0000000084000000, 0x0000000100000000)
  region size 1024K, 2 young (2048K), 2 survivors (2048K)
 Metaspace       used 5313K, committed 5504K, reserved 1114112K
  class space    used 557K, committed 640K, reserved 1048576K
}
Event: 1.087 GC heap before
{Heap before GC invocations=1 (full 0):
 garbage-first heap   total 126976K, used 15983K [0x0000000084000000, 0x0000000100000000)
  region size 1024K, 14 young (14336K), 2 survivors (2048K)
 Metaspace       used 8559K, committed 8832K, reserved 1114112K
  class space    used 915K, committed 1088K, reserved 1048576K
}
Event: 1.094 GC heap after
{Heap after GC invocations=2 (full 0):
 garbage-first heap   total 126976K, used 7391K [0x0000000084000000, 0x0000000100000000)
  region size 1024K, 2 young (2048K), 2 survivors (2048K)
 Metaspace       used 8559K, committed 8832K, reserved 1114112K
  class space    used 915K, committed 1088K, reserved 1048576K
}
Event: 1.652 GC heap before
{Heap before GC invocations=2 (full 0):
 garbage-first heap   total 126976K, used 27871K [0x0000000084000000, 0x0000000100000000)
  region size 1024K, 23 young (23552K), 2 survivors (2048K)
 Metaspace       used 15235K, committed 15488K, reserved 1114112K
  class space    used 1724K, committed 1856K, reserved 1048576K
}
Event: 1.659 GC heap after
{Heap after GC invocations=3 (full 0):
 garbage-first heap   total 126976K, used 9520K [0x0000000084000000, 0x0000000100000000)
  region size 1024K, 3 young (3072K), 3 survivors (3072K)
 Metaspace       used 15235K, committed 15488K, reserved 1114112K
  class space    used 1724K, committed 1856K, reserved 1048576K
}
Event: 2.384 GC heap before
{Heap before GC invocations=3 (full 0):
 garbage-first heap   total 126976K, used 31024K [0x0000000084000000, 0x0000000100000000)
  region size 1024K, 26 young (26624K), 3 survivors (3072K)
 Metaspace       used 21247K, committed 21504K, reserved 1114112K
  class space    used 2585K, committed 2752K, reserved 1048576K
}
Event: 2.392 GC heap after
{Heap after GC invocations=4 (full 0):
 garbage-first heap   total 126976K, used 11000K [0x0000000084000000, 0x0000000100000000)
  region size 1024K, 5 young (5120K), 5 survivors (5120K)
 Metaspace       used 21247K, committed 21504K, reserved 1114112K
  class space    used 2585K, committed 2752K, reserved 1048576K
}

Deoptimization events (20 events):
Event: 5.336 Thread 0x000001c4ca399de0 Uncommon trap: trap_request=0xffffffde fr.pc=0x000001c4b7382f20 relative=0x0000000000000180
Event: 5.336 Thread 0x000001c4ca399de0 Uncommon trap: reason=class_check action=maybe_recompile pc=0x000001c4b7382f20 method=org.openqa.selenium.json.Input.fill()Z @ 85 c2
Event: 5.336 Thread 0x000001c4ca399de0 DEOPT PACKING pc=0x000001c4b7382f20 sp=0x000000388c9fe400
Event: 5.336 Thread 0x000001c4ca399de0 DEOPT UNPACKING pc=0x000001c4af835c23 sp=0x000000388c9fe3a0 mode 2
Event: 5.404 Thread 0x000001c4ca399de0 Uncommon trap: trap_request=0xffffff45 fr.pc=0x000001c4b738ce24 relative=0x0000000000000ee4
Event: 5.404 Thread 0x000001c4ca399de0 Uncommon trap: reason=unstable_if action=reinterpret pc=0x000001c4b738ce24 method=java.util.concurrent.ConcurrentHashMap.putVal(Ljava/lang/Object;Ljava/lang/Object;Z)Ljava/lang/Object; @ 231 c2
Event: 5.404 Thread 0x000001c4ca399de0 DEOPT PACKING pc=0x000001c4b738ce24 sp=0x000000388c9fe7f0
Event: 5.404 Thread 0x000001c4ca399de0 DEOPT UNPACKING pc=0x000001c4af835c23 sp=0x000000388c9fe770 mode 2
Event: 5.451 Thread 0x000001c4ca399de0 Uncommon trap: trap_request=0xffffffde fr.pc=0x000001c4b7382f20 relative=0x0000000000000180
Event: 5.451 Thread 0x000001c4ca399de0 Uncommon trap: reason=class_check action=maybe_recompile pc=0x000001c4b7382f20 method=org.openqa.selenium.json.Input.fill()Z @ 85 c2
Event: 5.451 Thread 0x000001c4ca399de0 DEOPT PACKING pc=0x000001c4b7382f20 sp=0x000000388c9fe7a0
Event: 5.451 Thread 0x000001c4ca399de0 DEOPT UNPACKING pc=0x000001c4af835c23 sp=0x000000388c9fe740 mode 2
Event: 5.509 Thread 0x000001c4ca397e50 Uncommon trap: trap_request=0xffffffde fr.pc=0x000001c4b7382f20 relative=0x0000000000000180
Event: 5.509 Thread 0x000001c4ca397e50 Uncommon trap: reason=class_check action=maybe_recompile pc=0x000001c4b7382f20 method=org.openqa.selenium.json.Input.fill()Z @ 85 c2
Event: 5.509 Thread 0x000001c4ca397e50 DEOPT PACKING pc=0x000001c4b7382f20 sp=0x000000388cafe2e0
Event: 5.509 Thread 0x000001c4ca397e50 DEOPT UNPACKING pc=0x000001c4af835c23 sp=0x000000388cafe280 mode 2
Event: 5.565 Thread 0x000001c4ca397e50 Uncommon trap: trap_request=0xffffffde fr.pc=0x000001c4b7382f20 relative=0x0000000000000180
Event: 5.565 Thread 0x000001c4ca397e50 Uncommon trap: reason=class_check action=maybe_recompile pc=0x000001c4b7382f20 method=org.openqa.selenium.json.Input.fill()Z @ 85 c2
Event: 5.565 Thread 0x000001c4ca397e50 DEOPT PACKING pc=0x000001c4b7382f20 sp=0x000000388cafe680
Event: 5.565 Thread 0x000001c4ca397e50 DEOPT UNPACKING pc=0x000001c4af835c23 sp=0x000000388cafe620 mode 2

Classes loaded (20 events):
Event: 5.388 Loading class java/time/ZonedDateTime$1
Event: 5.388 Loading class java/time/ZonedDateTime$1 done
Event: 5.455 Loading class java/util/concurrent/locks/ReentrantReadWriteLock$FairSync
Event: 5.455 Loading class java/util/concurrent/locks/ReentrantReadWriteLock$FairSync done
Event: 5.462 Loading class java/util/Base64
Event: 5.463 Loading class java/util/Base64 done
Event: 5.463 Loading class java/util/Base64$Encoder
Event: 5.463 Loading class java/util/Base64$Encoder done
Event: 5.466 Loading class java/util/concurrent/CompletableFuture$UniExceptionally
Event: 5.466 Loading class java/util/concurrent/CompletableFuture$UniCompletion
Event: 5.466 Loading class java/util/concurrent/CompletableFuture$UniCompletion done
Event: 5.466 Loading class java/util/concurrent/CompletableFuture$UniExceptionally done
Event: 5.536 Loading class java/util/stream/SortedOps$SizedRefSortingSink
Event: 5.537 Loading class java/util/stream/SortedOps$AbstractRefSortingSink
Event: 5.537 Loading class java/util/stream/SortedOps$AbstractRefSortingSink done
Event: 5.537 Loading class java/util/stream/SortedOps$SizedRefSortingSink done
Event: 5.974 Loading class java/util/concurrent/ConcurrentLinkedDeque$Itr
Event: 5.975 Loading class java/util/concurrent/ConcurrentLinkedDeque$AbstractItr
Event: 5.975 Loading class java/util/concurrent/ConcurrentLinkedDeque$AbstractItr done
Event: 5.975 Loading class java/util/concurrent/ConcurrentLinkedDeque$Itr done

Classes unloaded (2 events):
Event: 2.403 Thread 0x000001c4c55e16f0 Unloading class 0x0000000800cb9400 'java/lang/invoke/LambdaForm$MH+0x0000000800cb9400'
Event: 2.403 Thread 0x000001c4c55e16f0 Unloading class 0x0000000800cb8c00 'java/lang/invoke/LambdaForm$DMH+0x0000000800cb8c00'

Classes redefined (0 events):
No events

Internal exceptions (20 events):
Event: 1.945 Thread 0x000001c4ca8745b0 Exception <a 'java/net/SocketException'{0x000000008b10bfd0}: Socket is not connected: shutdown> (0x000000008b10bfd0) 
thrown [s\open\src\hotspot\share\prims\jni.cpp, line 535]
Event: 1.945 Thread 0x000001c4ca8740e0 Exception <a 'java/net/ConnectException'{0x000000008b13edf8}: Connection refused: no further information> (0x000000008b13edf8) 
thrown [s\open\src\hotspot\share\prims\jni.cpp, line 535]
Event: 1.945 Thread 0x000001c4ca8740e0 Exception <a 'java/net/SocketException'{0x000000008b13f130}: Socket is not connected: shutdown> (0x000000008b13f130) 
thrown [s\open\src\hotspot\share\prims\jni.cpp, line 535]
Event: 2.075 Thread 0x000001c4ca399de0 Exception <a 'java/lang/NoSuchMethodError'{0x000000008b0472b8}: 'double java.lang.invoke.DirectMethodHandle$Holder.invokeVirtual(java.lang.Object, java.lang.Object)'> (0x000000008b0472b8) 
thrown [s\open\src\hotspot\share\interpreter\linkResolver.cpp, line 766]
Event: 2.075 Thread 0x000001c4ca397e50 Exception <a 'java/lang/NoSuchMethodError'{0x000000008b076040}: 'double java.lang.invoke.DirectMethodHandle$Holder.invokeVirtual(java.lang.Object, java.lang.Object)'> (0x000000008b076040) 
thrown [s\open\src\hotspot\share\interpreter\linkResolver.cpp, line 766]
Event: 2.077 Thread 0x000001c4ca399de0 Exception <a 'java/lang/NoSuchMethodError'{0x000000008b04dbb0}: 'float java.lang.invoke.DirectMethodHandle$Holder.invokeVirtual(java.lang.Object, java.lang.Object)'> (0x000000008b04dbb0) 
thrown [s\open\src\hotspot\share\interpreter\linkResolver.cpp, line 766]
Event: 2.077 Thread 0x000001c4ca397e50 Exception <a 'java/lang/NoSuchMethodError'{0x000000008b07c448}: 'float java.lang.invoke.DirectMethodHandle$Holder.invokeVirtual(java.lang.Object, java.lang.Object)'> (0x000000008b07c448) 
thrown [s\open\src\hotspot\share\interpreter\linkResolver.cpp, line 766]
Event: 2.080 Thread 0x000001c4ca399de0 Exception <a 'java/lang/NoSuchMethodError'{0x000000008b056b88}: 'long java.lang.invoke.DirectMethodHandle$Holder.invokeVirtual(java.lang.Object, java.lang.Object)'> (0x000000008b056b88) 
thrown [s\open\src\hotspot\share\interpreter\linkResolver.cpp, line 766]
Event: 2.081 Thread 0x000001c4ca397e50 Exception <a 'java/lang/NoSuchMethodError'{0x000000008b085170}: 'long java.lang.invoke.DirectMethodHandle$Holder.invokeVirtual(java.lang.Object, java.lang.Object)'> (0x000000008b085170) 
thrown [s\open\src\hotspot\share\interpreter\linkResolver.cpp, line 766]
Event: 2.141 Thread 0x000001c4ca397e50 Exception <a 'java/lang/NoSuchMethodError'{0x000000008ae09c68}: 'void java.lang.invoke.DirectMethodHandle$Holder.invokeSpecial(java.lang.Object, java.lang.Object, java.lang.Object, java.lang.Object, java.lang.Object)'> (0x000000008ae09c68) 
thrown [s\open\src\hotspot\share\interpreter\linkResolver.cpp, line 766]
Event: 2.141 Thread 0x000001c4ca399de0 Exception <a 'java/lang/NoSuchMethodError'{0x000000008afe5f88}: 'void java.lang.invoke.DirectMethodHandle$Holder.invokeSpecial(java.lang.Object, java.lang.Object, java.lang.Object, java.lang.Object, java.lang.Object)'> (0x000000008afe5f88) 
thrown [s\open\src\hotspot\share\interpreter\linkResolver.cpp, line 766]
Event: 2.142 Thread 0x000001c4ca397e50 Exception <a 'java/lang/NoSuchMethodError'{0x000000008ae107b0}: 'void java.lang.invoke.DirectMethodHandle$Holder.invokeStatic(java.lang.Object, java.lang.Object, int)'> (0x000000008ae107b0) 
thrown [s\open\src\hotspot\share\interpreter\linkResolver.cpp, line 766]
Event: 2.162 Thread 0x000001c4ca397e50 Exception <a 'java/lang/NoSuchMethodError'{0x000000008aed04e0}: 'java.lang.Object java.lang.invoke.DirectMethodHandle$Holder.newInvokeSpecial(java.lang.Object, java.lang.Object, java.lang.Object, java.lang.Object, java.lang.Object)'> (0x000000008aed04e0) 
thrown [s\open\src\hotspot\share\interpreter\linkResolver.cpp, line 766]
Event: 2.162 Thread 0x000001c4ca399de0 Exception <a 'java/lang/NoSuchMethodError'{0x000000008aee4a78}: 'java.lang.Object java.lang.invoke.DirectMethodHandle$Holder.newInvokeSpecial(java.lang.Object, java.lang.Object, java.lang.Object, java.lang.Object, java.lang.Object)'> (0x000000008aee4a78) 
thrown [s\open\src\hotspot\share\interpreter\linkResolver.cpp, line 766]
Event: 2.180 Thread 0x000001c4ca397e50 Exception <a 'java/lang/NoSuchMethodError'{0x000000008ac07690}: 'int java.lang.invoke.DirectMethodHandle$Holder.invokeSpecialIFC(java.lang.Object, java.lang.Object, java.lang.Object)'> (0x000000008ac07690) 
thrown [s\open\src\hotspot\share\interpreter\linkResolver.cpp, line 766]
Event: 2.180 Thread 0x000001c4ca399de0 Exception <a 'java/lang/NoSuchMethodError'{0x000000008adb0718}: 'int java.lang.invoke.DirectMethodHandle$Holder.invokeSpecialIFC(java.lang.Object, java.lang.Object, java.lang.Object)'> (0x000000008adb0718) 
thrown [s\open\src\hotspot\share\interpreter\linkResolver.cpp, line 766]
Event: 2.246 Thread 0x000001c4ca399de0 Exception <a 'java/lang/NoSuchMethodError'{0x000000008a99f5e0}: 'void java.lang.invoke.DirectMethodHandle$Holder.invokeSpecial(java.lang.Object, java.lang.Object, java.lang.Object, java.lang.Object, java.lang.Object, java.lang.Object)'> (0x000000008a99f5e0) 
thrown [s\open\src\hotspot\share\interpreter\linkResolver.cpp, line 766]
Event: 2.246 Thread 0x000001c4ca397e50 Exception <a 'java/lang/NoSuchMethodError'{0x000000008a97c020}: 'void java.lang.invoke.DirectMethodHandle$Holder.invokeSpecial(java.lang.Object, java.lang.Object, java.lang.Object, java.lang.Object, java.lang.Object, java.lang.Object)'> (0x000000008a97c020) 
thrown [s\open\src\hotspot\share\interpreter\linkResolver.cpp, line 766]
Event: 5.342 Thread 0x000001c4ca399de0 Exception <a 'java/lang/NoSuchMethodError'{0x0000000086397620}: 'java.lang.Object java.lang.invoke.DirectMethodHandle$Holder.invokeSpecialIFC(java.lang.Object, java.lang.Object, java.lang.Object)'> (0x0000000086397620) 
thrown [s\open\src\hotspot\share\interpreter\linkResolver.cpp, line 766]
Event: 5.386 Thread 0x000001c4ca399de0 Exception <a 'java/lang/ClassNotFoundException'{0x000000008624eb18}: sun/util/logging/resources/spi/loggingProvider> (0x000000008624eb18) 
thrown [s\open\src\hotspot\share\classfile\systemDictionary.cpp, line 255]

VM Operations (20 events):
Event: 1.810 Executing VM operation: HandshakeAllThreads
Event: 1.810 Executing VM operation: HandshakeAllThreads done
Event: 2.042 Executing VM operation: HandshakeAllThreads
Event: 2.042 Executing VM operation: HandshakeAllThreads done
Event: 2.043 Executing VM operation: HandshakeAllThreads
Event: 2.043 Executing VM operation: HandshakeAllThreads done
Event: 2.047 Executing VM operation: HandshakeAllThreads
Event: 2.047 Executing VM operation: HandshakeAllThreads done
Event: 2.210 Executing VM operation: HandshakeAllThreads
Event: 2.211 Executing VM operation: HandshakeAllThreads done
Event: 2.384 Executing VM operation: CollectForMetadataAllocation
Event: 2.392 Executing VM operation: CollectForMetadataAllocation done
Event: 2.403 Executing VM operation: G1Concurrent
Event: 2.407 Executing VM operation: G1Concurrent done
Event: 2.411 Executing VM operation: G1Concurrent
Event: 2.411 Executing VM operation: G1Concurrent done
Event: 5.421 Executing VM operation: Cleanup
Event: 5.421 Executing VM operation: Cleanup done
Event: 6.435 Executing VM operation: Cleanup
Event: 6.435 Executing VM operation: Cleanup done

Events (20 events):
Event: 1.842 Thread 0x000001c4ca8775d0 Thread added: 0x000001c4ca8775d0
Event: 1.842 Thread 0x000001c4ca874f50 Thread added: 0x000001c4ca874f50
Event: 1.842 Thread 0x000001c4ca877100 Thread added: 0x000001c4ca877100
Event: 1.843 Thread 0x000001c4ca877aa0 Thread added: 0x000001c4ca877aa0
Event: 1.845 Thread 0x000001c4ca8740e0 Thread added: 0x000001c4ca8740e0
Event: 1.846 Thread 0x000001c4ca8745b0 Thread added: 0x000001c4ca8745b0
Event: 1.874 Thread 0x000001c4ca8758f0 Thread added: 0x000001c4ca8758f0
Event: 1.874 Thread 0x000001c4ca875dc0 Thread added: 0x000001c4ca875dc0
Event: 1.885 Thread 0x000001c4ca876290 Thread added: 0x000001c4ca876290
Event: 1.885 Thread 0x000001c4ca876760 Thread added: 0x000001c4ca876760
Event: 1.953 Thread 0x000001c4c9948d20 Thread exited: 0x000001c4c9948d20
Event: 2.046 Thread 0x000001c4cabf6730 Thread added: 0x000001c4cabf6730
Event: 2.332 Thread 0x000001c4cabf53f0 Thread added: 0x000001c4cabf53f0
Event: 2.332 Thread 0x000001c4cabf8410 Thread added: 0x000001c4cabf8410
Event: 5.435 Thread 0x000001c4cabf4a50 Thread added: 0x000001c4cabf4a50
Event: 5.464 Thread 0x000001c4cabfaa90 Thread added: 0x000001c4cabfaa90
Event: 5.538 Thread 0x000001c4cabfaf60 Thread added: 0x000001c4cabfaf60
Event: 5.569 Thread 0x000001c4cabf8db0 Thread added: 0x000001c4cabf8db0
Event: 7.055 Thread 0x000001c4cabf6730 Thread exited: 0x000001c4cabf6730
Event: 16.009 Thread 0x000001c4cabf88e0 Thread added: 0x000001c4cabf88e0


Dynamic libraries:
0x00007ff6f56a0000 - 0x00007ff6f56b0000 	C:\Program Files\Java\jdk-18.0.1.1\bin\javaw.exe
0x00007ffb51520000 - 0x00007ffb51729000 	C:\Windows\SYSTEM32\ntdll.dll
0x00007ffb509d0000 - 0x00007ffb50a8d000 	C:\Windows\System32\KERNEL32.DLL
0x00007ffb4eef0000 - 0x00007ffb4f26d000 	C:\Windows\System32\KERNELBASE.dll
0x00007ffb4eb10000 - 0x00007ffb4ec21000 	C:\Windows\System32\ucrtbase.dll
0x00007ffb49820000 - 0x00007ffb49838000 	C:\Program Files\Java\jdk-18.0.1.1\bin\jli.dll
0x00007ffb4f420000 - 0x00007ffb4f4ce000 	C:\Windows\System32\ADVAPI32.dll
0x00007ffb50d80000 - 0x00007ffb50e23000 	C:\Windows\System32\msvcrt.dll
0x00007ffb4fc30000 - 0x00007ffb4fcce000 	C:\Windows\System32\sechost.dll
0x00007ffb505e0000 - 0x00007ffb50700000 	C:\Windows\System32\RPCRT4.dll
0x00007ffb50ba0000 - 0x00007ffb50d4d000 	C:\Windows\System32\USER32.dll
0x00007ffb4ed50000 - 0x00007ffb4ed76000 	C:\Windows\System32\win32u.dll
0x00007ffb512b0000 - 0x00007ffb512d9000 	C:\Windows\System32\GDI32.dll
0x00007ffb4ec30000 - 0x00007ffb4ed48000 	C:\Windows\System32\gdi32full.dll
0x00007ffb4ea00000 - 0x00007ffb4ea9d000 	C:\Windows\System32\msvcp_win.dll
0x00007ffb495c0000 - 0x00007ffb495da000 	C:\Program Files\Java\jdk-18.0.1.1\bin\VCRUNTIME140.dll
0x00007ffb34e30000 - 0x00007ffb350d5000 	C:\Windows\WinSxS\amd64_microsoft.windows.common-controls_6595b64144ccf1df_6.0.22000.120_none_9d947278b86cc467\COMCTL32.dll
0x00007ffb469d0000 - 0x00007ffb469da000 	C:\Windows\SYSTEM32\VERSION.dll
0x00007ffb50a90000 - 0x00007ffb50ac1000 	C:\Windows\System32\IMM32.DLL
0x00007ffb4bbc0000 - 0x00007ffb4bbcc000 	C:\Program Files\Java\jdk-18.0.1.1\bin\vcruntime140_1.dll
0x00007ffb3d4b0000 - 0x00007ffb3d53d000 	C:\Program Files\Java\jdk-18.0.1.1\bin\msvcp140.dll
0x00007ffb0c090000 - 0x00007ffb0cca0000 	C:\Program Files\Java\jdk-18.0.1.1\bin\server\jvm.dll
0x00007ffb50e30000 - 0x00007ffb50e38000 	C:\Windows\System32\PSAPI.DLL
0x00007ffb388e0000 - 0x00007ffb388e9000 	C:\Windows\SYSTEM32\WSOCK32.dll
0x00007ffb4f3b0000 - 0x00007ffb4f41f000 	C:\Windows\System32\WS2_32.dll
0x00007ffb49570000 - 0x00007ffb495a3000 	C:\Windows\SYSTEM32\WINMM.dll
0x00007ffb4db00000 - 0x00007ffb4db18000 	C:\Windows\SYSTEM32\kernel.appcore.dll
0x00007ffb4b9f0000 - 0x00007ffb4b9fa000 	C:\Program Files\Java\jdk-18.0.1.1\bin\jimage.dll
0x00007ffb4c540000 - 0x00007ffb4c761000 	C:\Windows\SYSTEM32\DBGHELP.DLL
0x00007ffb3bd90000 - 0x00007ffb3bdc1000 	C:\Windows\SYSTEM32\dbgcore.DLL
0x00007ffb4f330000 - 0x00007ffb4f3af000 	C:\Windows\System32\bcryptPrimitives.dll
0x00007ffb3d480000 - 0x00007ffb3d4a5000 	C:\Program Files\Java\jdk-18.0.1.1\bin\java.dll
0x00007ffb285c0000 - 0x00007ffb28696000 	C:\Program Files\Java\jdk-18.0.1.1\bin\jsvml.dll
0x00007ffb4fda0000 - 0x00007ffb50558000 	C:\Windows\System32\SHELL32.dll
0x00007ffb4cb70000 - 0x00007ffb4d3d8000 	C:\Windows\SYSTEM32\windows.storage.dll
0x00007ffb4f6f0000 - 0x00007ffb4fa69000 	C:\Windows\System32\combase.dll
0x00007ffb4ca00000 - 0x00007ffb4cb66000 	C:\Windows\SYSTEM32\wintypes.dll
0x00007ffb4f5f0000 - 0x00007ffb4f6da000 	C:\Windows\System32\SHCORE.dll
0x00007ffb507f0000 - 0x00007ffb5084d000 	C:\Windows\System32\shlwapi.dll
0x00007ffb4e930000 - 0x00007ffb4e951000 	C:\Windows\SYSTEM32\profapi.dll
0x00007ffb3f730000 - 0x00007ffb3f743000 	C:\Program Files\Java\jdk-18.0.1.1\bin\net.dll
0x00007ffb48e50000 - 0x00007ffb48f5c000 	C:\Windows\SYSTEM32\WINHTTP.dll
0x00007ffb4df30000 - 0x00007ffb4df97000 	C:\Windows\system32\mswsock.dll
0x00007ffb3d460000 - 0x00007ffb3d476000 	C:\Program Files\Java\jdk-18.0.1.1\bin\nio.dll
0x00007ffb3d440000 - 0x00007ffb3d458000 	C:\Program Files\Java\jdk-18.0.1.1\bin\zip.dll
0x00007ffb4d6a0000 - 0x00007ffb4d788000 	C:\Windows\SYSTEM32\DNSAPI.dll
0x00007ffb4d630000 - 0x00007ffb4d65d000 	C:\Windows\SYSTEM32\IPHLPAPI.DLL
0x00007ffb4f6e0000 - 0x00007ffb4f6e9000 	C:\Windows\System32\NSI.dll
0x00007ffb3fa30000 - 0x00007ffb3fa3a000 	C:\Windows\System32\rasadhlp.dll
0x00007ffb46940000 - 0x00007ffb469c1000 	C:\Windows\System32\fwpuclnt.dll
0x00007ffb4e170000 - 0x00007ffb4e188000 	C:\Windows\SYSTEM32\CRYPTSP.dll
0x00007ffb4da60000 - 0x00007ffb4da95000 	C:\Windows\system32\rsaenh.dll
0x00007ffb4e020000 - 0x00007ffb4e049000 	C:\Windows\SYSTEM32\USERENV.dll
0x00007ffb4e2f0000 - 0x00007ffb4e317000 	C:\Windows\SYSTEM32\bcrypt.dll
0x00007ffb4e190000 - 0x00007ffb4e19c000 	C:\Windows\SYSTEM32\CRYPTBASE.dll
0x00007ffb490f0000 - 0x00007ffb49109000 	C:\Windows\SYSTEM32\dhcpcsvc6.DLL
0x00007ffb49210000 - 0x00007ffb4922e000 	C:\Windows\SYSTEM32\dhcpcsvc.DLL
0x00007ffb498a0000 - 0x00007ffb498b0000 	C:\Program Files\Java\jdk-18.0.1.1\bin\verify.dll
0x00007ffb3dd80000 - 0x00007ffb3dd89000 	C:\Program Files\Java\jdk-18.0.1.1\bin\prefs.dll
0x00007ffb3bb10000 - 0x00007ffb3bb19000 	C:\Program Files\Java\jdk-18.0.1.1\bin\management.dll
0x00007ffb3b180000 - 0x00007ffb3b18b000 	C:\Program Files\Java\jdk-18.0.1.1\bin\management_ext.dll
0x00007ffb3d430000 - 0x00007ffb3d43e000 	C:\Program Files\Java\jdk-18.0.1.1\bin\sunmscapi.dll
0x00007ffb4ed80000 - 0x00007ffb4eee2000 	C:\Windows\System32\CRYPT32.dll
0x00007ffb4e2c0000 - 0x00007ffb4e2e8000 	C:\Windows\SYSTEM32\ncrypt.dll
0x00007ffb4e280000 - 0x00007ffb4e2b7000 	C:\Windows\SYSTEM32\NTASN1.dll
0x00007ffb3f710000 - 0x00007ffb3f727000 	C:\Windows\system32\napinsp.dll
0x00007ffb49900000 - 0x00007ffb4991b000 	C:\Windows\system32\pnrpnsp.dll
0x00007ffb3e110000 - 0x00007ffb3e122000 	C:\Windows\System32\winrnr.dll
0x00007ffb27060000 - 0x00007ffb27075000 	C:\Windows\system32\wshbth.dll
0x00007ffb1baa0000 - 0x00007ffb1babf000 	C:\Windows\system32\nlansp_c.dll

dbghelp: loaded successfully - version: 4.0.5 - missing functions: none
symbol engine: initialized successfully - sym options: 0x614 - pdb path: .;C:\Program Files\Java\jdk-18.0.1.1\bin;C:\Windows\SYSTEM32;C:\Windows\WinSxS\amd64_microsoft.windows.common-controls_6595b64144ccf1df_6.0.22000.120_none_9d947278b86cc467;C:\Program Files\Java\jdk-18.0.1.1\bin\server

VM Arguments:
jvm_args: -ea -Dfile.encoding=UTF-8 -XX:+ShowCodeDetailsInExceptionMessages 
java_command: org.testng.remote.RemoteTestNG -serport 59290 -protocol json -d D:\Purush doc\New Automation Doc 26-05-2022\Pattern\test-output D:\Purush doc\New Automation Doc 26-05-2022\Pattern\testng.xml
java_class_path (initial): C:\Users\pkman\eclipse\java-2022-033\eclipse\configuration\org.eclipse.osgi\621\0\.cp\lib\testng-remote.jar;D:\Purush doc\New Automation Doc 26-05-2022\Pattern\target\test-classes;D:\Purush doc\New Automation Doc 26-05-2022\Pattern\target\classes;C:\Users\pkman\.p2\pool\plugins\org.testng_7.4.0.r202105021533.jar;C:\Users\pkman\.p2\pool\plugins\com.beust.jcommander_1.78.0.jar;C:\Users\pkman\.p2\pool\plugins\org.apache-extras.beanshell.bsh_2.0.0.b6.jar;C:\Users\pkman\.p2\pool\plugins\org.yaml.snakeyaml_1.27.0.v20201111-1638.jar;C:\Users\pkman\.p2\pool\plugins\org.webjars.jquery_3.5.1.jar;C:\Users\pkman\.m2\repository\org\seleniumhq\selenium\selenium-java\4.1.2\selenium-java-4.1.2.jar;C:\Users\pkman\.m2\repository\org\seleniumhq\selenium\selenium-api\4.1.2\selenium-api-4.1.2.jar;C:\Users\pkman\.m2\repository\org\seleniumhq\selenium\selenium-chrome-driver\4.1.2\selenium-chrome-driver-4.1.2.jar;C:\Users\pkman\.m2\repository\com\google\auto\service\auto-service-annotations\1.0.1\auto-service-annotations-1.0.1.jar;C:\Users\pkman\.m2\repository\com\google\auto\service\auto-service\1.0.1\auto-service-1.0.1.jar;C:\Users\pkman\.m2\repository\com\google\auto\auto-common\1.2\auto-common-1.2.jar;C:\Users\pkman\.m2\repository\com\google\guava\guava\31.0.1-jre\guava-31.0.1-jre.jar;C:\Users\pkman\.m2\repository\com\google\guava\failureaccess\1.0.1\failureaccess-1.0.1.jar;C:\Users\pkman\.m2\repository\com\google\guava\listenablefuture\9999.0-empty-to-avoid-conflict-with-guava\listenablefuture-9999.0-empty-to-avoid-conflict-with-guava.jar;C:\Users\pkman\.m2\repository\com\google\code\findbugs\jsr305\3.0.2\jsr305-3.0.2.jar;C:\Users\pkman\.m2\repository\org\checkerframework\checker-qual\3.12.0\checker-qual-3.12.0.jar;C:\Users\pkman\.m2\repository\com\google\errorprone\error_prone_annotations\2.7.1\error_prone_annotations-2.7.1.jar;C:\Users\pkman\.m2\repository\com\google\j2objc\j2objc-annotations\1.3\j2objc-annotations-1.3.jar;C:\Users\pkman\.m2\repository\org\seleniumhq\selenium\selenium-chromium-driver\4.1.2\selenium-chromium-driver-4.1.2.jar;C:\Users\pkman\.m2\repository\org\seleniumhq\selenium\selenium-json\4.1.2\selenium-json-4.1.2.jar;C:\Users\pkman\.m2\repository\org\seleniumhq\selenium\selenium-devtools-v85\4.1.2\selenium-devtools-v85-4.1.2.jar;C:\Users\pkman\.m2\repository\org\seleniumhq\selenium\selenium-devtools-v95\4.1.2\selenium-devtools-v95-4.1.2.jar;C:\Users\pkman\.m2\repository\org\seleniumhq\selenium\selenium-devtools-v96\4.1.2\selenium-devtools-v96-4.1.2.jar;C:\Users\pkman\.m2\repository\org\seleniumhq\selenium\selenium-devtools-v97\4.1.2\selenium-devtools-v97-4.1.2.jar;C:\Users\pkman\.m2\repository\org\seleniumhq\selenium\selenium-edge-driver\4.1.2\selenium-edge-driver-4.1.2.jar;C:\Users\pkman\.m2\repository\org\seleniumhq\selenium\selenium-firefox-driver\4.1.2\selenium-firefox-driver-4.1.2.jar;C:\Users\pkman\.m2\repository\org\seleniumhq\selenium\selenium-firefox-xpi-driver\4.1.2\selenium-firefox-xpi-driver-4.1.2.jar;C:\Users\pkman\.m2\repository\org\seleniumhq\selenium\selenium-ie-driver\4.1.2\selenium-ie-driver-4.1.2.jar;C:\Users\pkman\.m2\repository\org\seleniumhq\selenium\selenium-opera-driver\4.1.2\selenium-opera-driver-4.1.2.jar;C:\Users\pkman\.m2\repository\org\seleniumhq\selenium\selenium-remote-driver\4.1.2\selenium-remote-driver-4.1.2.jar;C:\Users\pkman\.m2\repository\io\netty\netty-buffer\4.1.73.Final\netty-buffer-4.1.73.Final.jar;C:\Users\pkman\.m2\repository\io\netty\netty-codec-http\4.1.73.Final\netty-codec-http-4.1.73.Final.jar;C:\Users\pkman\.m2\repository\io\netty\netty-codec\4.1.73.Final\netty-codec-4.1.73.Final.jar;C:\Users\pkman\.m2\repository\io\netty\netty-handler\4.1.73.Final\netty-handler-4.1.73.Final.jar;C:\Users\pkman\.m2\repository\io\netty\netty-tcnative-classes\2.0.46.Final\netty-tcnative-classes-2.0.46.Final.jar;C:\Users\pkman\.m2\repository\io\netty\netty-common\4.1.73.Final\netty-common-4.1.73.Final.jar;C:\Users\pkman\.m2\repository\io\netty\netty-transport-classes-epoll\4.1.73.Final\netty-transport-classes-epoll-4.1.73.Final.jar;C:\Users\pkman\.m2\repository\io\netty\netty-transport-classes-kqueue\4.1.73.Final\netty-transport-classes-kqueue-4.1.73.Final.jar;C:\Users\pkman\.m2\repository\io\netty\netty-transport-native-epoll\4.1.73.Final\netty-transport-native-epoll-4.1.73.Final.jar;C:\Users\pkman\.m2\repository\io\netty\netty-transport-native-kqueue\4.1.73.Final\netty-transport-native-kqueue-4.1.73.Final.jar;C:\Users\pkman\.m2\repository\io\netty\netty-transport-native-unix-common\4.1.73.Final\netty-transport-native-unix-common-4.1.73.Final.jar;C:\Users\pkman\.m2\repository\io\netty\netty-transport\4.1.73.Final\netty-transport-4.1.73.Final.jar;C:\Users\pkman\.m2\repository\io\netty\netty-resolver\4.1.73.Final\netty-resolver-4.1.73.Final.jar;C:\Users\pkman\.m2\repository\io\opentelemetry\opentelemetry-api\1.10.1\opentelemetry-api-1.10.1.jar;C:\Users\pkman\.m2\repository\io\opentelemetry\opentelemetry-context\1.10.1\opentelemetry-context-1.10.1.jar;C:\Users\pkman\.m2\repository\io\opentelemetry\opentelemetry-exporter-logging\1.10.1\opentelemetry-exporter-logging-1.10.1.jar;C:\Users\pkman\.m2\repository\io\opentelemetry\opentelemetry-sdk-metrics\1.10.1-alpha\opentelemetry-sdk-metrics-1.10.1-alpha.jar;C:\Users\pkman\.m2\repository\io\opentelemetry\opentelemetry-sdk-logs\1.10.1-alpha\opentelemetry-sdk-logs-1.10.1-alpha.jar;C:\Users\pkman\.m2\repository\io\opentelemetry\opentelemetry-sdk-common\1.10.1\opentelemetry-sdk-common-1.10.1.jar;C:\Users\pkman\.m2\repository\io\opentelemetry\opentelemetry-sdk-extension-autoconfigure-spi\1.10.1\opentelemetry-sdk-extension-autoconfigure-spi-1.10.1.jar;C:\Users\pkman\.m2\repository\io\opentelemetry\opentelemetry-sdk-extension-autoconfigure\1.10.1-alpha\opentelemetry-sdk-extension-autoconfigure-1.10.1-alpha.jar;C:\Users\pkman\.m2\repository\io\opentelemetry\opentelemetry-sdk-trace\1.10.1\opentelemetry-sdk-trace-1.10.1.jar;C:\Users\pkman\.m2\repository\io\opentelemetry\opentelemetry-sdk\1.10.1\opentelemetry-sdk-1.10.1.jar;C:\Users\pkman\.m2\repository\io\opentelemetry\opentelemetry-semconv\1.10.1-alpha\opentelemetry-semconv-1.10.1-alpha.jar;C:\Users\pkman\.m2\repository\io\ous\jtoml\2.0.0\jtoml-2.0.0.jar;C:\Users\pkman\.m2\repository\net\bytebuddy\byte-buddy\1.12.7\byte-buddy-1.12.7.jar;C:\Users\pkman\.m2\repository\org\apache\commons\commons-exec\1.3\commons-exec-1.3.jar;C:\Users\pkman\.m2\repository\org\asynchttpclient\async-http-client\2.12.3\async-http-client-2.12.3.jar;C:\Users\pkman\.m2\repository\org\asynchttpclient\async-http-client-netty-utils\2.12.3\async-http-client-netty-utils-2.12.3.jar;C:\Users\pkman\.m2\repository\io\netty\netty-codec-socks\4.1.60.Final\netty-codec-socks-4.1.60.Final.jar;C:\Users\pkman\.m2\repository\io\netty\netty-handler-proxy\4.1.60.Final\netty-handler-proxy-4.1.60.Final.jar;C:\Users\pkman\.m2\repository\io\netty\netty-transport-native-epoll\4.1.60.Final\netty-transport-native-epoll-4.1.60.Final-linux-x86_64.jar;C:\Users\pkman\.m2\repository\io\netty\netty-transport-native-kqueue\4.1.60.Final\netty-transport-native-kqueue-4.1.60.Final-osx-x86_64.jar;C:\Users\pkman\.m2\repository\org\reactivestreams\reactive-streams\1.0.3\reactive-streams-1.0.3.jar;C:\Users\pkman\.m2\repository\com\typesafe\netty\netty-reactive-streams\2.0.4\netty-reactive-streams-2.0.4.jar;C:\Users\pkman\.m2\repository\com\sun\activation\jakarta.activation\1.2.2\jakarta.activation-1.2.2.jar;C:\Users\pkman\.m2\repository\org\seleniumhq\selenium\selenium-http\4.1.2\selenium-http-4.1.2.jar;C:\Users\pkman\.m2\repository\net\jodah\failsafe\2.4.4\failsafe-2.4.4.jar;C:\Users\pkman\.m2\repository\org\seleniumhq\selenium\selenium-safari-driver\4.1.2\selenium-safari-driver-4.1.2.jar;C:\Users\pkman\.m2\repository\org\seleniumhq\selenium\selenium-support\4.1.2\selenium-support-4.1.2.jar;C:\Users\pkman\.m2\repository\org\testng\testng\7.1.0\testng-7.1.0.jar;C:\Users\pkman\.m2\repository\com\beust\jcommander\1.72\jcommander-1.72.jar;C:\Users\pkman\.m2\repository\com\google\inject\guice\4.1.0\guice-4.1.0-no_aop.jar;C:\Users\pkman\.m2\repository\javax\inject\javax.inject\1\javax.inject-1.jar;C:\Users\pkman\.m2\repository\aopalliance\aopalliance\1.0\aopalliance-1.0.jar;C:\Users\pkman\.m2\repository\org\yaml\snakeyaml\1.21\snakeyaml-1.21.jar;C:\Users\pkman\.m2\repository\org\apache\poi\poi\4.1.2\poi-4.1.2.jar;C:\Users\pkman\.m2\repository\commons-codec\commons-codec\1.13\commons-codec-1.13.jar;C:\Users\pkman\.m2\repository\org\apache\commons\commons-collections4\4.4\commons-collections4-4.4.jar;C:\Users\pkman\.m2\repository\org\apache\commons\commons-math3\3.6.1\commons-math3-3.6.1.jar;C:\Users\pkman\.m2\repository\com\zaxxer\SparseBitSet\1.2\SparseBitSet-1.2.jar;C:\Users\pkman\.m2\repository\io\github\bonigarcia\webdrivermanager\3.8.1\webdrivermanager-3.8.1.jar;C:\Users\pkman\.m2\repository\commons-io\commons-io\2.6\commons-io-2.6.jar;C:\Users\pkman\.m2\repository\com\google\code\gson\gson\2.8.5\gson-2.8.5.jar;C:\Users\pkman\.m2\repository\org\apache\commons\commons-lang3\3.8.1\commons-lang3-3.8.1.jar;C:\Users\pkman\.m2\repository\org\apache\httpcomponents\httpclient\4.5.6\httpclient-4.5.6.jar;C:\Users\pkman\.m2\repository\org\apache\httpcomponents\httpcore\4.4.10\httpcore-4.4.10.jar;C:\Users\pkman\.m2\repository\commons-logging\commons-logging\1.2\commons-logging-1.2.jar;C:\Users\pkman\.m2\repository\org\rauschig\jarchivelib\1.0.0\jarchivelib-1.0.0.jar;C:\Users\pkman\.m2\repository\org\apache\commons\commons-compress\1.18\commons-compress-1.18.jar;C:\Users\pkman\.m2\repository\org\jsoup\jsoup\1.11.3\jsoup-1.11.3.jar;C:\Users\pkman\.m2\repository\org\slf4j\slf4j-api\1.7.25\slf4j-api-1.7.25.jar;C:\Users\pkman\.m2\repository\org\slf4j\slf4j-simple\1.7.25\slf4j-simple-1.7.25.jar
Launcher Type: SUN_STANDARD

[Global flags]
     intx CICompilerCount                          = 3                                         {product} {ergonomic}
     uint ConcGCThreads                            = 1                                         {product} {ergonomic}
     uint G1ConcRefinementThreads                  = 4                                         {product} {ergonomic}
   size_t G1HeapRegionSize                         = 1048576                                   {product} {ergonomic}
    uintx GCDrainStackTargetSize                   = 64                                        {product} {ergonomic}
   size_t InitialHeapSize                          = 130023424                                 {product} {ergonomic}
   size_t MarkStackSize                            = 4194304                                   {product} {ergonomic}
   size_t MaxHeapSize                              = 2080374784                                {product} {ergonomic}
   size_t MaxNewSize                               = 1247805440                                {product} {ergonomic}
   size_t MinHeapDeltaBytes                        = 1048576                                   {product} {ergonomic}
   size_t MinHeapSize                              = 8388608                                   {product} {ergonomic}
    uintx NonNMethodCodeHeapSize                   = 5832780                                {pd product} {ergonomic}
    uintx NonProfiledCodeHeapSize                  = 122912730                              {pd product} {ergonomic}
    uintx ProfiledCodeHeapSize                     = 122912730                              {pd product} {ergonomic}
    uintx ReservedCodeCacheSize                    = 251658240                              {pd product} {ergonomic}
     bool SegmentedCodeCache                       = true                                      {product} {ergonomic}
     bool ShowCodeDetailsInExceptionMessages       = true                                   {manageable} {command line}
   size_t SoftMaxHeapSize                          = 2080374784                             {manageable} {ergonomic}
     bool UseCompressedClassPointers               = true                           {product lp64_product} {ergonomic}
     bool UseCompressedOops                        = true                           {product lp64_product} {ergonomic}
     bool UseG1GC                                  = true                                      {product} {ergonomic}
     bool UseLargePagesIndividualAllocation        = false                                  {pd product} {ergonomic}

Logging:
Log output configuration:
 #0: stdout all=warning uptime,level,tags foldmultilines=false
 #1: stderr all=off uptime,level,tags foldmultilines=false

Environment Variables:
PATH=C:\Program Files\Common Files\Oracle\Java\javapath;C:\Windows\system32;C:\Windows;C:\Windows\System32\Wbem;C:\Windows\System32\WindowsPowerShell\v1.0\;C:\Windows\System32\OpenSSH\;C:\Program Files\Git\cmd;C:\Program Files\Java\jdk-18.0.1.1\bin;C:\Users\pkman\AppData\Local\Microsoft\WindowsApps;
USERNAME=pkman
OS=Windows_NT
PROCESSOR_IDENTIFIER=Intel64 Family 6 Model 126 Stepping 5, GenuineIntel



---------------  S Y S T E M  ---------------

OS:
 Windows 11 , 64 bit Build 22000 (10.0.22000.708)
OS uptime: 28 days 15:58 hours

CPU: total 4 (initial active 4) (2 cores per cpu, 2 threads per core) family 6 model 126 stepping 5 microcode 0xa6, cx8, cmov, fxsr, ht, mmx, 3dnowpref, sse, sse2, sse3, ssse3, sse4.1, sse4.2, popcnt, lzcnt, tsc, tscinvbit, avx, avx2, aes, erms, clmul, bmi1, bmi2, adx, avx512f, avx512dq, avx512cd, avx512bw, avx512vl, sha, fma, vzeroupper, avx512_vpopcntdq, avx512_vpclmulqdq, avx512_vaes, avx512_vnni, clflush, clflushopt, avx512_vbmi2, avx512_vbmi

Memory: 4k page, system-wide physical 7934M (349M free)
TotalPageFile size 25890M (AvailPageFile size 6M)
current process WorkingSet (physical memory assigned to process): 243M, peak: 243M
current process commit charge ("private bytes"): 295M, peak: 296M

vm_info: Java HotSpot(TM) 64-Bit Server VM (18.0.1.1+2-6) for windows-amd64 JRE (18.0.1.1+2-6), built on Apr 25 2022 21:53:15 by "mach5one" with MS VC++ 16.8 / 16.9 (VS2019)

END.
